<?xml version="1.0" encoding="UTF-8"?>
<testsuite name="indi.arrowyi.emr.EmrTest" tests="1" skipped="0" failures="0" errors="0" timestamp="2022-06-06T13:51:59" hostname="mb-bdgong.local" time="0.035">
  <properties/>
  <testcase name="testBeTrue()" classname="indi.arrowyi.emr.EmrTest" time="0.035"/>
  <system-out><![CDATA[should not be null
Expectation miss record : at EmrTest.java
indi.arrowyi.emr.EmrTest  
testBeTrue  53 
should be true
Expectation miss record : at EmrTest.java
indi.arrowyi.emr.EmrTest  
testBeTrue  59 
should be false
Expectation miss record : at EmrTest.java
indi.arrowyi.emr.EmrTest  
testBeTrue  66 
]]></system-out>
  <system-err><![CDATA[]]></system-err>
</testsuite>
